[2026-04-12T02:58:03.115Z] Generating for cb5e6c36-7b8c-4732-bcfe-b56ce59ee911: qlmanage -t -s 512 -o "/Users/kevinim/Desktop/EasyDocStation/Database/ObjectFile/thumbnails" "/Users/kevinim/Desktop/EasyDocStation/Database/ObjectFile/StoryForge/20260412025803/webtoon_animation_automation_strategy_20260124094123 (1) (1).pptx"
[2026-04-12T02:58:03.323Z] Success: thumbnails/cb5e6c36-7b8c-4732-bcfe-b56ce59ee911.png
[2026-04-12T02:58:11.476Z] Generating for dbd06b83-cf44-4152-abaf-0b9a755e4d97: qlmanage -t -s 512 -o "/Users/kevinim/Desktop/EasyDocStation/Database/ObjectFile/thumbnails" "/Users/kevinim/Desktop/EasyDocStation/Database/ObjectFile/StoryForge/20260412025811/webtoon_animation_automation_strategy_20260124094123 (1) (1).pptx"
[2026-04-12T02:58:11.677Z] Success: thumbnails/dbd06b83-cf44-4152-abaf-0b9a755e4d97.png
[2026-04-12T02:58:31.892Z] Generating for d8464e30-8bb3-405f-84b1-a3af8bdaf45e: qlmanage -t -s 512 -o "/Users/kevinim/Desktop/EasyDocStation/Database/ObjectFile/thumbnails" "/Users/kevinim/Desktop/EasyDocStation/Database/ObjectFile/StoryForge/20260412025831/webtoon_animation_automation_strategy_20260124094123 (1) (1).pptx"
[2026-04-12T02:58:32.097Z] Success: thumbnails/d8464e30-8bb3-405f-84b1-a3af8bdaf45e.png
[2026-04-12T03:05:08.021Z] Generating for 9cae350a-f5bb-4113-8074-e069ee46f902: qlmanage -t -s 512 -o "/Users/kevinim/Desktop/EasyDocStation/Database/ObjectFile/thumbnails" "/Users/kevinim/Desktop/EasyDocStation/Database/ObjectFile/StoryForge/20260412030508/webtoon_animation_automation_strategy_20260124094123 (1) (2).pptx"
[2026-04-12T03:05:08.304Z] Success: thumbnails/9cae350a-f5bb-4113-8074-e069ee46f902.png
[2026-04-12T03:06:59.859Z] Generating for 47f4d009-7903-4dcd-90a2-a7cdbf271fec: qlmanage -t -s 512 -o "/Users/kevinim/Desktop/EasyDocStation/Database/ObjectFile/thumbnails" "/Users/kevinim/Desktop/EasyDocStation/Database/ObjectFile/StoryForge/20260412030659/webtoon_animation_automation_strategy_20260124094123 (1) (2).pptx"
[2026-04-12T03:07:00.064Z] Success: thumbnails/47f4d009-7903-4dcd-90a2-a7cdbf271fec.png
[2026-04-12T03:07:13.966Z] Generating for de972e0c-d38e-48cd-aec6-f10066e179ee: qlmanage -t -s 512 -o "/Users/kevinim/Desktop/EasyDocStation/Database/ObjectFile/thumbnails" "/Users/kevinim/Desktop/EasyDocStation/Database/ObjectFile/StoryForge/20260412030713/webtoon_animation_automation_strategy_20260124094123 (1) (1).pptx"
[2026-04-12T03:07:14.170Z] Success: thumbnails/de972e0c-d38e-48cd-aec6-f10066e179ee.png
[2026-04-12T03:08:42.847Z] Generating for 1464c874-46ee-4d9a-85fe-6e352c44130d: qlmanage -t -s 512 -o "/Users/kevinim/Desktop/EasyDocStation/Database/ObjectFile/thumbnails" "/Users/kevinim/Desktop/EasyDocStation/Database/ObjectFile/StoryForge/20260412030842/webtoon_animation_automation_strategy_20260124094123 (1) (2).pptx"
[2026-04-12T03:08:43.048Z] Success: thumbnails/1464c874-46ee-4d9a-85fe-6e352c44130d.png
[2026-04-12T03:09:34.079Z] Generating for 663be779-abda-466b-ba1b-c48c8d72277d: qlmanage -t -s 512 -o "/Users/kevinim/Desktop/EasyDocStation/Database/ObjectFile/thumbnails" "/Users/kevinim/Desktop/EasyDocStation/Database/ObjectFile/StoryForge/20260412030934/webtoon_animation_automation_strategy_20260124094123 (1) (1).pptx"
[2026-04-12T03:09:34.269Z] Success: thumbnails/663be779-abda-466b-ba1b-c48c8d72277d.png
[2026-04-12T03:10:44.979Z] Generating for ed26aa01-d4e1-41fd-9df1-8bc5f0c44585: qlmanage -t -s 512 -o "/Users/kevinim/Desktop/EasyDocStation/Database/ObjectFile/thumbnails" "/Users/kevinim/Desktop/EasyDocStation/Database/ObjectFile/StoryForge/20260412031044/webtoon_animation_automation_strategy_20260124094123 (1) (1).pptx"
[2026-04-12T03:10:45.184Z] Success: thumbnails/ed26aa01-d4e1-41fd-9df1-8bc5f0c44585.png
[2026-04-12T03:13:10.563Z] Generating for febe25c5-3dd0-40f8-b01d-36cce4dc6b08: qlmanage -t -s 512 -o "/Users/kevinim/Desktop/EasyDocStation/Database/ObjectFile/thumbnails" "/Users/kevinim/Desktop/EasyDocStation/Database/ObjectFile/StoryForge/20260412031310/블루탑 국책과제 컨설팅 계약_260407.docx"
[2026-04-12T03:13:10.811Z] Success: thumbnails/febe25c5-3dd0-40f8-b01d-36cce4dc6b08.png
[2026-04-12T04:55:53.649Z] Generating for 82c2ac50-fbd0-4c67-afa8-f23be31846f2: qlmanage -t -s 512 -o "/Users/kevinim/Desktop/EasyDocStation/Database/ObjectFile/thumbnails" "/Users/kevinim/Desktop/EasyDocStation/Database/ObjectFile/StoryForge/20260412045553/260327_STORYFORGE_3자_MOU_v2.4.docx"
[2026-04-12T04:55:53.923Z] Success: thumbnails/82c2ac50-fbd0-4c67-afa8-f23be31846f2.png
[2026-04-12T04:56:21.426Z] Generating for 9e2c0708-2c34-4c44-9b78-b35bfddde1bb: qlmanage -t -s 512 -o "/Users/kevinim/Desktop/EasyDocStation/Database/ObjectFile/thumbnails" "/Users/kevinim/Desktop/EasyDocStation/Database/ObjectFile/StoryForge/20260412045621/webtoon_animation_automation_strategy_20260124094123 (1) (2).pptx"
[2026-04-12T04:56:21.641Z] Success: thumbnails/9e2c0708-2c34-4c44-9b78-b35bfddde1bb.png
[2026-04-12T04:59:50.929Z] Generating for 47c8596b-168e-4608-8247-18d08ff3cf35: qlmanage -t -s 512 -o "/Users/kevinim/Desktop/EasyDocStation/Database/ObjectFile/thumbnails" "/Users/kevinim/Desktop/EasyDocStation/Database/ObjectFile/StoryForge/20260412045950/webtoon_animation_automation_strategy_20260124094123 (1) (2).pptx"
[2026-04-12T04:59:51.139Z] Success: thumbnails/47c8596b-168e-4608-8247-18d08ff3cf35.png
[2026-04-12T05:00:01.522Z] Generating for 7dc03b9c-1923-4001-9b75-70ec709e1de1: qlmanage -t -s 512 -o "/Users/kevinim/Desktop/EasyDocStation/Database/ObjectFile/thumbnails" "/Users/kevinim/Desktop/EasyDocStation/Database/ObjectFile/StoryForge/20260412050001/webtoon_animation_automation_strategy_20260124094123 (1) (2).pptx"
[2026-04-12T05:00:01.694Z] Success: thumbnails/7dc03b9c-1923-4001-9b75-70ec709e1de1.png
[2026-04-12T05:01:12.144Z] Generating for fdb1443a-a4f1-4101-8af1-fea6df2ef6ed: qlmanage -t -s 512 -o "/Users/kevinim/Desktop/EasyDocStation/Database/ObjectFile/thumbnails" "/Users/kevinim/Desktop/EasyDocStation/Database/ObjectFile/StoryForge/20260412050112/현대건설통합특허_1.01.docx"
[2026-04-12T05:01:12.627Z] Success: thumbnails/fdb1443a-a4f1-4101-8af1-fea6df2ef6ed.png
[2026-04-12T05:02:32.442Z] Generating for af9004d3-8e69-4749-971d-27216ecbb725: qlmanage -t -s 512 -o "/Users/kevinim/Desktop/EasyDocStation/Database/ObjectFile/thumbnails" "/Users/kevinim/Desktop/EasyDocStation/Database/ObjectFile/StoryForge/20260412050232/webtoon_animation_automation_strategy_20260124094123 (1) (2).pptx"
[2026-04-12T05:02:32.662Z] Success: thumbnails/af9004d3-8e69-4749-971d-27216ecbb725.png
[2026-04-12T05:06:11.275Z] Generating for f84415e4-41ab-499b-9072-5ce13d33034a: qlmanage -t -s 512 -o "/Users/kevinim/Desktop/EasyDocStation/Database/ObjectFile/thumbnails" "/Users/kevinim/Desktop/EasyDocStation/Database/ObjectFile/StoryForge/20260412050611/pcb_monitoring_platform_proposal_20260405080717.pptx"
[2026-04-12T05:06:11.528Z] Success: thumbnails/f84415e4-41ab-499b-9072-5ce13d33034a.png
[2026-04-12T05:09:01.997Z] Generating for 6e0d97da-6d6b-458a-810b-cc2f08fb803f: qlmanage -t -s 512 -o "/Users/kevinim/Desktop/EasyDocStation/Database/ObjectFile/thumbnails" "/Users/kevinim/Desktop/EasyDocStation/Database/ObjectFile/StoryForge/20260412050901/1_견적서_셀콘_Zynq 펌웨어_250425.docx"
[2026-04-12T05:09:02.193Z] Success: thumbnails/6e0d97da-6d6b-458a-810b-cc2f08fb803f.png
[2026-04-12T05:21:31.407Z] Generating for 08dd8f08-6296-497e-91c7-e6e9ed2c709e: qlmanage -t -s 512 -o "/Users/kevinim/Desktop/EasyDocStation/Database/ObjectFile/thumbnails" "/Users/kevinim/Desktop/EasyDocStation/Database/ObjectFile/StoryForge/20260412052131/블루탑 국책과제 컨설팅 계약_260407.docx"
[2026-04-12T05:21:31.639Z] Success: thumbnails/08dd8f08-6296-497e-91c7-e6e9ed2c709e.png
[2026-04-12T05:27:02.003Z] Generating for db89bf46-a79b-4af1-832a-214b989f2ee1: qlmanage -t -s 512 -o "/Users/kevinim/Desktop/EasyDocStation/Database/ObjectFile/thumbnails" "/Users/kevinim/Desktop/EasyDocStation/Database/ObjectFile/StoryForge/20260412052701/storyforge_proposal_prompt_supply_20260319053834.pdf"
[2026-04-12T05:27:02.220Z] Success: thumbnails/db89bf46-a79b-4af1-832a-214b989f2ee1.png
[2026-04-12T05:36:20.216Z] Generating for 92d7efa5-83be-44d4-a46d-fa23de8beebb: qlmanage -t -s 512 -o "/Users/kevinim/Desktop/EasyDocStation/Database/ObjectFile/thumbnails" "/Users/kevinim/Desktop/EasyDocStation/Database/ObjectFile/StoryForge/20260412053620/storyforge_proposal_prompt_supply_20260319053834 (2).pdf"
[2026-04-12T05:36:20.372Z] Success: thumbnails/92d7efa5-83be-44d4-a46d-fa23de8beebb.png
[2026-04-12T05:38:01.002Z] Generating for 5035374e-c436-457a-87a7-5fb3678cce99: qlmanage -t -s 512 -o "/Users/kevinim/Desktop/EasyDocStation/Database/ObjectFile/thumbnails" "/Users/kevinim/Desktop/EasyDocStation/Database/ObjectFile/StoryForge/20260412053800/storyforge_proposal_prompt_supply_20260319053834 (2).pdf"
[2026-04-12T05:38:01.162Z] Success: thumbnails/5035374e-c436-457a-87a7-5fb3678cce99.png
[2026-04-12T05:39:52.320Z] Generating for e9fadc12-bb84-42bd-bca6-df0a76b442c6: qlmanage -t -s 512 -o "/Users/kevinim/Desktop/EasyDocStation/Database/ObjectFile/thumbnails" "/Users/kevinim/Desktop/EasyDocStation/Database/ObjectFile/StoryForge/20260412053952/화면 기록 2026-04-12 오전 11.24.20.mov"
[2026-04-12T05:39:52.516Z] Success: thumbnails/e9fadc12-bb84-42bd-bca6-df0a76b442c6.png
[2026-04-12T05:47:17.979Z] Generating for 50c74388-8c20-46e6-abbc-3448a6b66ad3: qlmanage -t -s 512 -o "/Users/kevinim/Desktop/EasyDocStation/Database/ObjectFile/thumbnails" "/Users/kevinim/Desktop/EasyDocStation/Database/ObjectFile/종윤/20260412054717/화면 기록 2026-04-12 오후 2.37.52.mov"
[2026-04-12T05:47:18.172Z] Success: thumbnails/50c74388-8c20-46e6-abbc-3448a6b66ad3.png
[2026-04-12T05:52:40.884Z] Generating for 3a4411e0-fdb5-49ed-b3d1-8ee39b89bbe7: qlmanage -t -s 512 -o "/Users/kevinim/Desktop/EasyDocStation/Database/ObjectFile/thumbnails" "/Users/kevinim/Desktop/EasyDocStation/Database/ObjectFile/종윤/20260412055240/녹음 2026-04-07 105523.mp4"
[2026-04-12T05:52:41.067Z] Success: thumbnails/3a4411e0-fdb5-49ed-b3d1-8ee39b89bbe7.png
[2026-04-12T06:06:56.135Z] Generating for 3fca7cd1-6dc2-42bb-8d11-e4c89963cb94: qlmanage -t -s 512 -o "/Users/kevinim/Desktop/EasyDocStation/Database/ObjectFile/thumbnails" "/Users/kevinim/Desktop/EasyDocStation/Database/ObjectFile/StoryForge/20260412060656/1_견적서_셀콘_Zynq 펌웨어_250425.docx"
[2026-04-12T06:06:56.592Z] Success: thumbnails/3fca7cd1-6dc2-42bb-8d11-e4c89963cb94.png
[2026-04-12T06:12:25.846Z] Generating for 84d64001-232c-4352-acb5-47c93d5e53b3: qlmanage -t -s 512 -o "/Users/kevinim/Desktop/EasyDocStation/Database/ObjectFile/thumbnails" "/Users/kevinim/Desktop/EasyDocStation/Database/ObjectFile/StoryForge/20260412061225/1_견적서_셀콘_Zynq 펌웨어_250425 (1).docx"
[2026-04-12T06:12:26.078Z] Success: thumbnails/84d64001-232c-4352-acb5-47c93d5e53b3.png
[2026-04-12T06:16:03.204Z] Generating for e3929c25-868f-44fa-b7f9-64f0f780dfa8: qlmanage -t -s 512 -o "/Users/kevinim/Desktop/EasyDocStation/Database/ObjectFile/thumbnails" "/Users/kevinim/Desktop/EasyDocStation/Database/ObjectFile/StoryForge/20260412061603/H30 N2840 J2900 2 LAN 4 COM PC.docx"
[2026-04-12T06:16:03.423Z] Success: thumbnails/e3929c25-868f-44fa-b7f9-64f0f780dfa8.png
[2026-04-12T06:17:48.310Z] Generating for 6016af13-6a18-445c-b220-8cbb819072f6: qlmanage -t -s 512 -o "/Users/kevinim/Desktop/EasyDocStation/Database/ObjectFile/thumbnails" "/Users/kevinim/Desktop/EasyDocStation/Database/ObjectFile/StoryForge/20260412061748/개발용역계약서_갱신.docx"
[2026-04-12T06:17:48.604Z] Success: thumbnails/6016af13-6a18-445c-b220-8cbb819072f6.png
[2026-04-12T10:27:54.417Z] Generating for 5c7a5f8e-617d-487e-9a7f-213a64ba37a9: qlmanage -t -s 512 -o "/Users/kevinim/Desktop/EasyDocStation/Database/ObjectFile/thumbnails" "/Users/kevinim/Desktop/EasyDocStation/Database/ObjectFile/영업 1 팀/20260412102754/개발용역계약서_갱신 (1).docx"
[2026-04-12T10:27:54.648Z] Success: thumbnails/5c7a5f8e-617d-487e-9a7f-213a64ba37a9.png
[2026-04-12T10:42:20.762Z] Generating for 995a6c7c-9223-4313-8710-ecdba7350036: qlmanage -t -s 512 -o "/Users/kevinim/Desktop/EasyDocStation/Database/ObjectFile/thumbnails" "/Users/kevinim/Desktop/EasyDocStation/Database/ObjectFile/영업 2 팀/20260412104220/50c74388-8c20-46e6-abbc-3448a6b66ad3.mov"
[2026-04-12T10:42:20.958Z] Success: thumbnails/995a6c7c-9223-4313-8710-ecdba7350036.png
[2026-04-12T10:42:38.540Z] Generating for 04c5673d-8729-4a5a-9ee6-d72bc5ec3e6a: qlmanage -t -s 512 -o "/Users/kevinim/Desktop/EasyDocStation/Database/ObjectFile/thumbnails" "/Users/kevinim/Desktop/EasyDocStation/Database/ObjectFile/영업 2 팀/20260412104238/50c74388-8c20-46e6-abbc-3448a6b66ad3.mov"
[2026-04-12T10:42:38.728Z] Success: thumbnails/04c5673d-8729-4a5a-9ee6-d72bc5ec3e6a.png
[2026-04-12T10:42:50.549Z] Generating for 82a896fb-809f-4e24-9c67-1d634643e484: qlmanage -t -s 512 -o "/Users/kevinim/Desktop/EasyDocStation/Database/ObjectFile/thumbnails" "/Users/kevinim/Desktop/EasyDocStation/Database/ObjectFile/영업 2 팀/20260412104250/50c74388-8c20-46e6-abbc-3448a6b66ad3.mov"
[2026-04-12T10:42:50.733Z] Success: thumbnails/82a896fb-809f-4e24-9c67-1d634643e484.png
[2026-04-12T10:46:28.081Z] Generating for 31ea4c50-a0af-4e14-98b6-fb657c750a0c: qlmanage -t -s 512 -o "/Users/kevinim/Desktop/EasyDocStation/Database/ObjectFile/thumbnails" "/Users/kevinim/Desktop/EasyDocStation/Database/ObjectFile/영업 2 팀/20260412104627/50c74388-8c20-46e6-abbc-3448a6b66ad3.mov"
[2026-04-12T10:46:28.243Z] Success: thumbnails/31ea4c50-a0af-4e14-98b6-fb657c750a0c.png
[2026-04-12T10:53:40.901Z] Generating for 8cda9934-052d-4e8b-ae1c-a874044173c7: qlmanage -t -s 512 -o "/Users/kevinim/Desktop/EasyDocStation/Database/ObjectFile/thumbnails" "/Users/kevinim/Desktop/EasyDocStation/Database/ObjectFile/영업 2 팀/20260412105340/1_견적서_셀콘_Zynq 펌웨어_250425 (1) (1).docx"
[2026-04-12T10:53:41.102Z] Success: thumbnails/8cda9934-052d-4e8b-ae1c-a874044173c7.png
[2026-04-12T10:54:01.609Z] Generating for f9353afb-8eac-4b70-8d7e-48191aaf1fcf: qlmanage -t -s 512 -o "/Users/kevinim/Desktop/EasyDocStation/Database/ObjectFile/thumbnails" "/Users/kevinim/Desktop/EasyDocStation/Database/ObjectFile/영업 2 팀/20260412105401/webtoon_animation_automation_strategy_20260124094123 (1) (1) (1).pptx"
[2026-04-12T10:54:01.816Z] Success: thumbnails/f9353afb-8eac-4b70-8d7e-48191aaf1fcf.png
[2026-04-12T11:05:30.594Z] Generating for d1d0b68e-42b3-4923-b1e3-39c86358f455: qlmanage -t -s 512 -o "/Users/kevinim/Desktop/EasyDocStation/Database/ObjectFile/thumbnails" "/Users/kevinim/Desktop/EasyDocStation/Database/ObjectFile/종윤/d1d0b68e-42b3-4923-b1e3-39c86358f455.pdf"
[2026-04-12T11:05:30.756Z] Success: thumbnails/d1d0b68e-42b3-4923-b1e3-39c86358f455.png
[2026-04-12T11:21:32.587Z] Generating for bc79c6c2-a3fe-4a5b-b6cd-36da3841d990: qlmanage -t -s 512 -o "/Users/kevinim/Desktop/EasyDocStation/Database/ObjectFile/thumbnails" "/Users/kevinim/Desktop/EasyDocStation/Database/ObjectFile/bc79c6c2-a3fe-4a5b-b6cd-36da3841d990/발표1녹색건축정책현황및추진방향.pdf"
[2026-04-12T11:21:32.759Z] Success: thumbnails/bc79c6c2-a3fe-4a5b-b6cd-36da3841d990.png
[2026-04-12T11:23:37.895Z] Generating for 94da221a-4c89-49bc-9602-5bd9c38a5b51: qlmanage -t -s 512 -o "/Users/kevinim/Desktop/EasyDocStation/Database/ObjectFile/thumbnails" "/Users/kevinim/Desktop/EasyDocStation/Database/ObjectFile/94da221a-4c89-49bc-9602-5bd9c38a5b51/Kusuriya no Hitorigoto - 04 [BDRip 1920x1080 x264 FLAC].mkv"
[2026-04-12T11:49:35.636Z] Generating for c6890e02-5b7c-41c4-bb84-3bfcbe592852: qlmanage -t -s 512 -o "/Users/kevinim/Desktop/EasyDocStation/Database/ObjectFile/thumbnails" "/Users/kevinim/Desktop/EasyDocStation/Database/ObjectFile/ch-1775994556529/c6890e02-5b7c-41c4-bb84-3bfcbe592852/개발용역계약서_갱신 (1).docx"
[2026-04-12T11:49:35.901Z] Success: thumbnails/c6890e02-5b7c-41c4-bb84-3bfcbe592852.png
[2026-04-12T11:53:05.832Z] Generating for 3310b343-f1a3-4802-8754-1b3e4c6b68c5: qlmanage -t -s 512 -o "/Users/kevinim/Desktop/EasyDocStation/Database/ObjectFile/thumbnails" "/Users/kevinim/Desktop/EasyDocStation/Database/ObjectFile/unknown/3310b343-f1a3-4802-8754-1b3e4c6b68c5/color.mp4"
[2026-04-12T11:53:06.040Z] Success: thumbnails/3310b343-f1a3-4802-8754-1b3e4c6b68c5.png
[2026-04-12T11:53:06.154Z] Generating for b221a005-5e03-4432-a390-564e53f88877: qlmanage -t -s 512 -o "/Users/kevinim/Desktop/EasyDocStation/Database/ObjectFile/thumbnails" "/Users/kevinim/Desktop/EasyDocStation/Database/ObjectFile/unknown/b221a005-5e03-4432-a390-564e53f88877/DemoVideo.mp4"
[2026-04-12T11:53:06.311Z] Success: thumbnails/b221a005-5e03-4432-a390-564e53f88877.png
[2026-04-12T11:53:06.333Z] Generating for f710eed6-5c3e-4d4a-af77-f1506a5fed5c: qlmanage -t -s 512 -o "/Users/kevinim/Desktop/EasyDocStation/Database/ObjectFile/thumbnails" "/Users/kevinim/Desktop/EasyDocStation/Database/ObjectFile/unknown/f710eed6-5c3e-4d4a-af77-f1506a5fed5c/easydoc_station_proposal_1.1.pdf"
[2026-04-12T11:53:06.429Z] Success: thumbnails/f710eed6-5c3e-4d4a-af77-f1506a5fed5c.png
[2026-04-12T13:30:29.789Z] Generating for 333a5aae-2019-4cc3-93ce-73726bcdaa2e: qlmanage -t -s 512 -o "/Users/kevinim/Desktop/EasyDocStation/Database/ObjectFile/thumbnails" "/Users/kevinim/Desktop/EasyDocStation/Database/ObjectFile/ch-1775990526455/333a5aae-2019-4cc3-93ce-73726bcdaa2e/발표1녹색건축정책현황및추진방향 (1).pdf"
[2026-04-12T13:30:29.930Z] Success: thumbnails/333a5aae-2019-4cc3-93ce-73726bcdaa2e.png
[2026-04-12T23:56:43.599Z] Generating for dce01c92-a29b-4c5f-a5d5-c14fa034c619: qlmanage -t -s 512 -o "/Users/kevinim/Desktop/EasyDocStation/Database/ObjectFile/thumbnails" "/Users/kevinim/Desktop/EasyDocStation/Database/ObjectFile/unknown/dce01c92-a29b-4c5f-a5d5-c14fa034c619/2026 AI-반도체 해외실증 지원사업(엣지형)_과제요약.pdf"
[2026-04-12T23:56:43.741Z] Success: thumbnails/dce01c92-a29b-4c5f-a5d5-c14fa034c619.png
[2026-04-12T23:56:52.628Z] Generating for ad540585-0770-4795-99eb-b57eb596b6a5: qlmanage -t -s 512 -o "/Users/kevinim/Desktop/EasyDocStation/Database/ObjectFile/thumbnails" "/Users/kevinim/Desktop/EasyDocStation/Database/ObjectFile/unknown/ad540585-0770-4795-99eb-b57eb596b6a5/260305_실리콘큐브 솔루션 패키지 구성_v0.3.pptx"
[2026-04-12T23:56:52.807Z] Success: thumbnails/ad540585-0770-4795-99eb-b57eb596b6a5.png
[2026-04-12T23:56:52.820Z] Generating for 735bbcc9-269a-49f1-8b52-27ac416cc805: qlmanage -t -s 512 -o "/Users/kevinim/Desktop/EasyDocStation/Database/ObjectFile/thumbnails" "/Users/kevinim/Desktop/EasyDocStation/Database/ObjectFile/unknown/735bbcc9-269a-49f1-8b52-27ac416cc805/260306_실리콘큐브 솔루션 패키지 구성_v0.5.pdf"
[2026-04-12T23:56:52.930Z] Success: thumbnails/735bbcc9-269a-49f1-8b52-27ac416cc805.png
[2026-04-12T23:56:52.946Z] Generating for 652c07c8-ed75-4e07-be2d-368f27b97364: qlmanage -t -s 512 -o "/Users/kevinim/Desktop/EasyDocStation/Database/ObjectFile/thumbnails" "/Users/kevinim/Desktop/EasyDocStation/Database/ObjectFile/unknown/652c07c8-ed75-4e07-be2d-368f27b97364/260311_실리콘큐브 솔루션 패키지 구성_v0.6.pdf"
[2026-04-12T23:56:53.057Z] Success: thumbnails/652c07c8-ed75-4e07-be2d-368f27b97364.png
[2026-04-12T23:56:53.072Z] Generating for 5418f1bf-1ca0-4bcc-87bc-ddc5f78deeca: qlmanage -t -s 512 -o "/Users/kevinim/Desktop/EasyDocStation/Database/ObjectFile/thumbnails" "/Users/kevinim/Desktop/EasyDocStation/Database/ObjectFile/unknown/5418f1bf-1ca0-4bcc-87bc-ddc5f78deeca/260311_실리콘큐브 솔루션 패키지 구성_v0.6.pptx"
[2026-04-12T23:56:53.248Z] Success: thumbnails/5418f1bf-1ca0-4bcc-87bc-ddc5f78deeca.png
[2026-04-12T23:56:53.278Z] Generating for 88470117-7445-42d5-853f-947353992029: qlmanage -t -s 512 -o "/Users/kevinim/Desktop/EasyDocStation/Database/ObjectFile/thumbnails" "/Users/kevinim/Desktop/EasyDocStation/Database/ObjectFile/unknown/88470117-7445-42d5-853f-947353992029/260311_CSC_AI_Contract_Phase2_Phase3_(案).docx"
[2026-04-12T23:56:53.462Z] Success: thumbnails/88470117-7445-42d5-853f-947353992029.png
[2026-04-12T23:56:53.474Z] Generating for 503b9df0-8e56-46a6-8381-74dcdab021e6: qlmanage -t -s 512 -o "/Users/kevinim/Desktop/EasyDocStation/Database/ObjectFile/thumbnails" "/Users/kevinim/Desktop/EasyDocStation/Database/ObjectFile/unknown/503b9df0-8e56-46a6-8381-74dcdab021e6/260311_CSC_AI_Contract_Phase2_Phase3_(案).pdf"
[2026-04-12T23:56:53.562Z] Success: thumbnails/503b9df0-8e56-46a6-8381-74dcdab021e6.png
[2026-04-12T23:56:53.582Z] Generating for 134afe0b-7493-4c88-910c-c51dd80e327c: qlmanage -t -s 512 -o "/Users/kevinim/Desktop/EasyDocStation/Database/ObjectFile/thumbnails" "/Users/kevinim/Desktop/EasyDocStation/Database/ObjectFile/unknown/134afe0b-7493-4c88-910c-c51dd80e327c/260317-1_One_Cisco_Strategy (v1.1).pdf"
[2026-04-12T23:56:53.674Z] Success: thumbnails/134afe0b-7493-4c88-910c-c51dd80e327c.png
[2026-04-12T23:56:53.696Z] Generating for ae24939e-ca36-476f-904f-c9d83e66335d: qlmanage -t -s 512 -o "/Users/kevinim/Desktop/EasyDocStation/Database/ObjectFile/thumbnails" "/Users/kevinim/Desktop/EasyDocStation/Database/ObjectFile/unknown/ae24939e-ca36-476f-904f-c9d83e66335d/260317-2_AI-Ready Data Centers Deck (v1.1).pdf"
[2026-04-12T23:56:53.791Z] Success: thumbnails/ae24939e-ca36-476f-904f-c9d83e66335d.png
[2026-04-13T00:27:56.444Z] Generating for 4d82fc7b-9ae1-47ed-ba97-34b01da0a32a: qlmanage -t -s 512 -o "/Users/kevinim/Desktop/EasyDocStation/Database/ObjectFile/thumbnails" "/Users/kevinim/Desktop/EasyDocStation/Database/ObjectFile/unknown/4d82fc7b-9ae1-47ed-ba97-34b01da0a32a/easydoc_station_proposal_1.2.pptx"
[2026-04-13T00:27:56.610Z] Success: thumbnails/4d82fc7b-9ae1-47ed-ba97-34b01da0a32a.png
[2026-04-13T00:27:56.663Z] Generating for 2df43eef-6392-4ee8-a9df-4b70951617ee: qlmanage -t -s 512 -o "/Users/kevinim/Desktop/EasyDocStation/Database/ObjectFile/thumbnails" "/Users/kevinim/Desktop/EasyDocStation/Database/ObjectFile/unknown/2df43eef-6392-4ee8-a9df-4b70951617ee/easydoc_station_proposal_1.2mm.pptx"
[2026-04-13T00:27:56.927Z] Success: thumbnails/2df43eef-6392-4ee8-a9df-4b70951617ee.png
[2026-04-13T00:28:48.003Z] Generating for 20309558-d7bd-4149-a461-ca4baed63eba: qlmanage -t -s 512 -o "/Users/kevinim/Desktop/EasyDocStation/Database/ObjectFile/thumbnails" "/Users/kevinim/Desktop/EasyDocStation/Database/ObjectFile/ch-1775905647942/20309558-d7bd-4149-a461-ca4baed63eba/easydoc_station_proposal_1.0.pdf"
[2026-04-13T00:28:48.147Z] Success: thumbnails/20309558-d7bd-4149-a461-ca4baed63eba.png
[2026-04-13T02:34:39.211Z] Generating for 1804efd9-d923-47e4-95d7-90d0b02cf1be: qlmanage -t -s 512 -o "/Users/kevinim/Desktop/EasyDocStation/Database/ObjectFile/thumbnails" "/Users/kevinim/Desktop/EasyDocStation/Database/ObjectFile/unknown/1804efd9-d923-47e4-95d7-90d0b02cf1be/1_견적서_셀콘_Zynq 펌웨어_250425 (1).docx"
[2026-04-13T02:34:40.274Z] Success: thumbnails/1804efd9-d923-47e4-95d7-90d0b02cf1be.png
[2026-04-13T02:35:25.041Z] Generating for b3ed59ad-68eb-4034-abb4-f96a3d5580de: qlmanage -t -s 512 -o "/Users/kevinim/Desktop/EasyDocStation/Database/ObjectFile/thumbnails" "/Users/kevinim/Desktop/EasyDocStation/Database/ObjectFile/ch-1775906672629/b3ed59ad-68eb-4034-abb4-f96a3d5580de/부속 계약서_CoreEdge_P1p_cen회신_20260410.docx"
[2026-04-13T02:35:25.870Z] Success: thumbnails/b3ed59ad-68eb-4034-abb4-f96a3d5580de.png
[2026-04-13T06:04:22.830Z] Generating for 4051ea58-dc63-477e-8c1b-3ae79decc679: qlmanage -t -s 512 -o "/Users/kevinim/Desktop/EasyDocStation/Database/ObjectFile/thumbnails" "/Users/kevinim/Desktop/EasyDocStation/Database/ObjectFile/ch-1775906672629/4051ea58-dc63-477e-8c1b-3ae79decc679/H30 N2840 J2900 2 LAN 4 COM PC.docx"
[2026-04-13T06:04:23.022Z] Success: thumbnails/4051ea58-dc63-477e-8c1b-3ae79decc679.png
[2026-04-13T06:04:23.035Z] Generating for f3b23f46-d630-4c3c-938d-eafc7f7369d9: qlmanage -t -s 512 -o "/Users/kevinim/Desktop/EasyDocStation/Database/ObjectFile/thumbnails" "/Users/kevinim/Desktop/EasyDocStation/Database/ObjectFile/ch-1775906672629/f3b23f46-d630-4c3c-938d-eafc7f7369d9/H30 N2840 J2900 2 LAN 4 COM PC.pdf"
[2026-04-13T06:04:23.127Z] Success: thumbnails/f3b23f46-d630-4c3c-938d-eafc7f7369d9.png
[2026-04-13T06:04:23.144Z] Generating for 1af124ea-5e99-4c96-a9ac-53a72096c5cc: qlmanage -t -s 512 -o "/Users/kevinim/Desktop/EasyDocStation/Database/ObjectFile/thumbnails" "/Users/kevinim/Desktop/EasyDocStation/Database/ObjectFile/ch-1775906672629/1af124ea-5e99-4c96-a9ac-53a72096c5cc/HD_magok_site_setup_development_guide ver_0.71.pptx"
[2026-04-13T06:04:23.391Z] Success: thumbnails/1af124ea-5e99-4c96-a9ac-53a72096c5cc.png
[2026-04-13T06:18:23.145Z] Generating for 5b0d2242-7ffa-4d72-8eac-2f9c70a34988: qlmanage -t -s 512 -o "/Users/kevinim/Desktop/EasyDocStation/Database/ObjectFile/thumbnails" "/Users/kevinim/Desktop/EasyDocStation/Database/ObjectFile/ch-1775906672629/5b0d2242-7ffa-4d72-8eac-2f9c70a34988/Invoice-GND3ICLV-0003.pdf"
[2026-04-13T06:18:23.315Z] Success: thumbnails/5b0d2242-7ffa-4d72-8eac-2f9c70a34988.png
[2026-04-13T23:45:44.866Z] Generating for ccd2c52a-d3cd-44f7-be36-65eb996b3228: qlmanage -t -s 512 -o "/Users/kevinim/Desktop/EasyDocStation/Database/ObjectFile/thumbnails" "/Users/kevinim/Desktop/EasyDocStation/Database/ObjectFile/ch-1775905647942/ccd2c52a-d3cd-44f7-be36-65eb996b3228/prototype 복사본.mp4"
[2026-04-13T23:45:45.095Z] Success: thumbnails/ccd2c52a-d3cd-44f7-be36-65eb996b3228.png
[2026-04-13T23:47:33.009Z] Generating for 4d07a576-e117-4468-a7ac-7909f72f905e: qlmanage -t -s 512 -o "/Users/kevinim/Desktop/EasyDocStation/Database/ObjectFile/thumbnails" "/Users/kevinim/Desktop/EasyDocStation/Database/ObjectFile/unknown/4d07a576-e117-4468-a7ac-7909f72f905e/prototype 복사본.mp4"
[2026-04-13T23:47:33.214Z] Success: thumbnails/4d07a576-e117-4468-a7ac-7909f72f905e.png
